Starting preprocessing of the model file ...
Found 33 equation(s).
Evaluating expressions...done
Computing static model derivatives (order 1).
Computing dynamic model derivatives (order 2).
Processing outputs ...
done
Preprocessing completed.
{无法执行赋值，因为左侧的大小为 34×34，右侧的大小为 33×34。
出错 <a href="matlab:matlab.internal.language.introspective.errorDocCallback('stochastic_solvers', 'D:\Matlab\bin\dynare-4.6.4\matlab\stochastic_solvers.m', 223)" style="font-weight:bold">stochastic_solvers</a> (<a href="matlab: opentoline('D:\Matlab\bin\dynare-4.6.4\matlab\stochastic_solvers.m',223,0)">line 223</a>)
b(:,cols_b) = jacobia_(:,cols_j);
出错 <a href="matlab:matlab.internal.language.introspective.errorDocCallback('resol', 'D:\Matlab\bin\dynare-4.6.4\matlab\resol.m', 120)" style="font-weight:bold">resol</a> (<a href="matlab: opentoline('D:\Matlab\bin\dynare-4.6.4\matlab\resol.m',120,0)">line 120</a>)
    [dr,info] = stochastic_solvers(dr,check_flag,M,options,oo);
出错 <a href="matlab:matlab.internal.language.introspective.errorDocCallback('stoch_simul', 'D:\Matlab\bin\dynare-4.6.4\matlab\stoch_simul.m', 96)" style="font-weight:bold">stoch_simul</a> (<a href="matlab: opentoline('D:\Matlab\bin\dynare-4.6.4\matlab\stoch_simul.m',96,0)">line 96</a>)
    [~,info,M_,options_,oo_] = resol(0,M_,options_,oo_);
出错 <a href="matlab:matlab.internal.language.introspective.errorDocCallback('SW_Model.driver', 'C:\Users\zhangxinyi\OneDrive\桌面\replication_files\DSGE_Illustration\SW_FP\+SW_Model\driver.m', 566)" style="font-weight:bold">SW_Model.driver</a> (<a href="matlab: opentoline('C:\Users\zhangxinyi\OneDrive\桌面\replication_files\DSGE_Illustration\SW_FP\+SW_Model\driver.m',566,0)">line 566</a>)
[info, oo_, options_, M_] = stoch_simul(M_, options_, oo_, var_list_);
出错 <a href="matlab:matlab.internal.language.introspective.errorDocCallback('dynare', 'D:\Matlab\bin\dynare-4.6.4\matlab\dynare.m', 293)" style="font-weight:bold">dynare</a> (<a href="matlab: opentoline('D:\Matlab\bin\dynare-4.6.4\matlab\dynare.m',293,0)">line 293</a>)
evalin('base',[fname '.driver']) ;} 
dynare SW_Model.mod
Using 64-bit preprocessor
Starting Dynare (version 4.6.4).
Calling Dynare with arguments: none
Starting preprocessing of the model file ...
Found 34 equation(s).
Evaluating expressions...done
Computing static model derivatives (order 1).
Computing dynamic model derivatives (order 2).
Processing outputs ...
done
Preprocessing completed.

